c:\users\bitoengineer\desktop\faculdade\so\2º trabalho\parte i\soworks\uthreads\uthread\debug\vc140.pdb
c:\users\bitoengineer\desktop\faculdade\so\2º trabalho\parte i\soworks\uthreads\uthread\debug\vc140.idb
c:\users\bitoengineer\desktop\faculdade\so\2º trabalho\parte i\soworks\uthreads\uthread\debug\uthread.obj
c:\users\gonca\desktop\2serie\soworks\uthreads\uthread\debug\vc140.pdb
c:\users\gonca\desktop\2serie\soworks\uthreads\uthread\debug\vc140.idb
c:\users\gonca\desktop\2serie\soworks\uthreads\uthread\debug\uthread.obj
c:\users\bitoengineer\desktop\faculdade\so\2º trabalho\parte i\soworks\uthreads\debug\uthread.ilk
c:\users\bitoengineer\desktop\faculdade\so\2º trabalho\parte i\soworks\uthreads\debug\uthread.dll
c:\users\bitoengineer\desktop\faculdade\so\2º trabalho\parte i\soworks\uthreads\debug\uthread.pdb
c:\users\gonca\desktop\2serie\soworks\uthreads\debug\uthread.ilk
c:\users\gonca\desktop\2serie\soworks\uthreads\debug\uthread.dll
c:\users\gonca\desktop\2serie\soworks\uthreads\debug\uthread.pdb
c:\users\bitoengineer\desktop\faculdade\so\2º trabalho\parte i\soworks\uthreads\debug\uthread.lib
c:\users\bitoengineer\desktop\faculdade\so\2º trabalho\parte i\soworks\uthreads\debug\uthread.exp
c:\users\gonca\desktop\2serie\soworks\uthreads\debug\uthread.lib
c:\users\gonca\desktop\2serie\soworks\uthreads\debug\uthread.exp
c:\users\gonca\desktop\2serie\soworks\uthreads\uthread\debug\uthread.tlog\cl.command.1.tlog
c:\users\gonca\desktop\2serie\soworks\uthreads\uthread\debug\uthread.tlog\cl.read.1.tlog
c:\users\gonca\desktop\2serie\soworks\uthreads\uthread\debug\uthread.tlog\cl.write.1.tlog
c:\users\gonca\desktop\2serie\soworks\uthreads\uthread\debug\uthread.tlog\link.command.1.tlog
c:\users\gonca\desktop\2serie\soworks\uthreads\uthread\debug\uthread.tlog\link.read.1.tlog
c:\users\gonca\desktop\2serie\soworks\uthreads\uthread\debug\uthread.tlog\link.write.1.tlog
c:\users\gonca\desktop\2serie\soworks\uthreads\uthread\debug\uthread.tlog\uthread.write.1u.tlog
