c:\users\bitoengineer\desktop\faculdade\so\2º trabalho\parte i\soworks\uthreads\usynch\debug\vc140.pdb
c:\users\bitoengineer\desktop\faculdade\so\2º trabalho\parte i\soworks\uthreads\usynch\debug\vc140.idb
c:\users\bitoengineer\desktop\faculdade\so\2º trabalho\parte i\soworks\uthreads\usynch\debug\semaphore.obj
c:\users\bitoengineer\desktop\faculdade\so\2º trabalho\parte i\soworks\uthreads\usynch\debug\mutex.obj
c:\users\bitoengineer\desktop\faculdade\so\2º trabalho\parte i\soworks\uthreads\usynch\debug\event.obj
c:\users\gonca\desktop\2serie\soworks\uthreads\usynch\debug\vc140.pdb
c:\users\gonca\desktop\2serie\soworks\uthreads\usynch\debug\vc140.idb
c:\users\gonca\desktop\2serie\soworks\uthreads\usynch\debug\semaphore.obj
c:\users\gonca\desktop\2serie\soworks\uthreads\usynch\debug\mutex.obj
c:\users\gonca\desktop\2serie\soworks\uthreads\usynch\debug\event.obj
c:\users\bitoengineer\desktop\faculdade\so\2º trabalho\parte i\soworks\uthreads\debug\usynch.ilk
c:\users\bitoengineer\desktop\faculdade\so\2º trabalho\parte i\soworks\uthreads\debug\usynch.dll
c:\users\bitoengineer\desktop\faculdade\so\2º trabalho\parte i\soworks\uthreads\debug\usynch.pdb
c:\users\gonca\desktop\2serie\soworks\uthreads\debug\usynch.ilk
c:\users\gonca\desktop\2serie\soworks\uthreads\debug\usynch.dll
c:\users\gonca\desktop\2serie\soworks\uthreads\debug\usynch.pdb
c:\users\bitoengineer\desktop\faculdade\so\2º trabalho\parte i\soworks\uthreads\debug\usynch.lib
c:\users\bitoengineer\desktop\faculdade\so\2º trabalho\parte i\soworks\uthreads\debug\usynch.exp
c:\users\gonca\desktop\2serie\soworks\uthreads\debug\usynch.lib
c:\users\gonca\desktop\2serie\soworks\uthreads\debug\usynch.exp
c:\users\gonca\desktop\2serie\soworks\uthreads\usynch\debug\usynch.vcxprojresolveassemblyreference.cache
c:\users\gonca\desktop\2serie\soworks\uthreads\usynch\debug\usynch.tlog\cl.command.1.tlog
c:\users\gonca\desktop\2serie\soworks\uthreads\usynch\debug\usynch.tlog\cl.read.1.tlog
c:\users\gonca\desktop\2serie\soworks\uthreads\usynch\debug\usynch.tlog\cl.write.1.tlog
c:\users\gonca\desktop\2serie\soworks\uthreads\usynch\debug\usynch.tlog\link.command.1.tlog
c:\users\gonca\desktop\2serie\soworks\uthreads\usynch\debug\usynch.tlog\link.read.1.tlog
c:\users\gonca\desktop\2serie\soworks\uthreads\usynch\debug\usynch.tlog\link.write.1.tlog
c:\users\gonca\desktop\2serie\soworks\uthreads\usynch\debug\usynch.tlog\usynch.write.1u.tlog
